
Project MOMH 2021" --------------------------------

method : bc_rootRelax
n=30
Building...
Solving...
# ------------------------
node 392
parent LBS = [ [-113375.0, 3.3039943307e6] , [-102010.0, -303173.0] , [-93453.7102, -318003.0] , [10910.7158, -318003.0] , [-80984.6213, -326083.0] , ] 

pureL = [ ] 
extl Solution( 
 |xEquiv| = 1	 is_binary ? true
 y = [-113375.0, -191816.0]
 λ = [1.0, 0.0]	 ct = 113375.0 )

parent LBS = [ [-113375.0, 3.3039943307e6] , [-102010.0, -303173.0] , [-93453.7102, -318003.0] , [10910.7158, -318003.0] , [-80984.6213, -326083.0] , ] 

pureL = [ [-113375.0, -191816.0] , ] 
extr Solution( 
 |xEquiv| = 1	 is_binary ? true
 y = [-89913.0, -318003.0]
 λ = [0.0, 1.0]	 ct = 318003.0 )

parent LBS = [ [-113375.0, 3.3039943307e6] , [-102010.0, -303173.0] , [-93453.7102, -318003.0] , [10910.7158, -318003.0] , [-80984.6213, -326083.0] , ] 

pureL = [ [-113375.0, -191816.0] , [-113375.0, -318003.0] , [-89913.0, -318003.0] , ] 
yl = [-113375.0, -191816.0] yr = [-89913.0, -318003.0]
pt Solution( 
 |xEquiv| = 1	 is_binary ? false
 y = [-102441.2564, -309864.4667]
 λ = [126187.0, 23462.0]	 ct = 2.01967949390622e10 )

parent LBS = [ [-113375.0, 3.3039943307e6] , [-102010.0, -303173.0] , [-93453.7102, -318003.0] , [10910.7158, -318003.0] , [-80984.6213, -326083.0] , ] 

pureL = [ [-113375.0, -191816.0] , [-113375.0, -251058.8958] , [-100928.0556, -318003.0] , [-89913.0, -318003.0] , ] 
pureL = [ [-113375.0, -191816.0] , [-113375.0, -251058.8958] , [-100928.0556, -318003.0] , [-89913.0, -318003.0] , ] 

parent LBS = [ [-113375.0, 3.3039943307e6] , [-102010.0, -303173.0] , [-93453.7102, -318003.0] , [10910.7158, -318003.0] , [-80984.6213, -326083.0] , ] 
# ------------------------
 ──────────────────────────────────────────────────────────────────────────
                                  Time                    Allocations      
                         ───────────────────────   ────────────────────────
    Tot / % measured:         70.0s /  66.0%           5.90GiB /  69.8%    

 Section         ncalls     time    %tot     avg     alloc    %tot      avg
 ──────────────────────────────────────────────────────────────────────────
 BB loop              1    46.2s  100.0%   46.2s   4.12GiB  100.0%  4.12GiB
   iteration      18.5k    46.1s   99.8%  2.49ms   4.11GiB   99.9%   233KiB
     relax        22.9k    42.4s   91.7%  1.85ms   3.68GiB   89.3%   168KiB
     dominance    18.5k    2.28s    4.9%   123μs    242MiB    5.7%  13.4KiB
     incumbent    18.8k    389ms    0.8%  20.7μs   44.5MiB    1.1%  2.43KiB
   next node      18.5k   38.3ms    0.1%  2.06μs   4.84MiB    0.1%     274B
 ──────────────────────────────────────────────────────────────────────────
 total cuts : 0
 # informations of B&B algorithm : 
total_times_used = 50.23 
total_nodes = 22917 
pruned_nodes = 6730 
GAP = 0.0 
relaxation_time = 43.31 
test_dominance_time = 0.28 
update_incumbent_time = 1.54 
tree_size = 54.639 
nb_nodes_EPB = 0 
nb_nodes_VB = 22916 
root_relax = true 
TO = false 

Querying...
length Y_N = 42
length X_E = 42
displayGraphics
