
Project MOMH 2021" --------------------------------

method : bc_rootRelax
n=10
Building...
Solving...
UBS (node 1) = [ 
[-49923.0, -25759.0] , [-43965.0, -52907.0] , ] 
UBS (node 2) = [ 
[-49923.0, -25759.0] , [-43965.0, -52907.0] , ] 
UBS (node 3) = [ 
[-49923.0, -25759.0] , [-43965.0, -52907.0] , ] 
# ------------- node 1


 # ----------- node 1 : 
depth = 0 
pred = 140386543275840 
var[ 0 ] = 0 
EPB = false 
activated = false 
pruned = false 
prunedType = NONE
succs = [ 2, 3,  ]
LBS = [ [-49923.0, -25759.0] , [-43965.0, -52907.0] , ] 
λ = [ [1.0, 0.0] , [27148.0, 5958.0] , ] 

# ------------- node 2


 # ----------- node 2 : 
depth = 1 
pred = 1 
var[ 1 ] = 1 
EPB = false 
activated = false 
pruned = true 
prunedType = DOMINANCE
succs = [  ]
LBS = [ [-42323.0, -35783.0] , [-41213.0, -52483.0] , ] 
λ = [ [1.0, 0.0] , [16700.0, 1110.0] , ] 

UBS (node 4) = [ 
[-49923.0, -25759.0] , [-43965.0, -52907.0] , ] 
# ------------- node 4


 # ----------- node 4 : 
depth = 2 
pred = 3 
var[ 2 ] = 1 
EPB = false 
activated = true 
pruned = true 
prunedType = OPTIMALITY
succs = [  ]
LBS = [ [-43965.0, -52907.0] , ] 
λ = [ [0.0, 1.0] , ] 

UBS (node 5) = [ 
[-49923.0, -25759.0] , [-43965.0, -52907.0] , ] 
# ------------- node 3


 # ----------- node 3 : 
depth = 1 
pred = 1 
var[ 1 ] = 0 
EPB = false 
activated = false 
pruned = false 
prunedType = NONE
succs = [ 4, 5,  ]
LBS = [ [-49923.0, -25759.0] , [-43965.0, -52907.0] , ] 
λ = [ [1.0, 0.0] , [27148.0, 5958.0] , ] 

UBS (node 6) = [ 
[-49923.0, -25759.0] , [-43965.0, -52907.0] , ] 
UBS (node 7) = [ 
[-49923.0, -25759.0] , [-43965.0, -52907.0] , ] 
# ------------- node 5


 # ----------- node 5 : 
depth = 2 
pred = 3 
var[ 2 ] = 0 
EPB = false 
activated = false 
pruned = false 
prunedType = NONE
succs = [ 6, 7,  ]
LBS = [ [-49923.0, -25759.0] , [-43525.0, -43064.0] , ] 
λ = [ [1.0, 0.0] , [17305.0, 6398.0] , ] 

# ------------- node 6


 # ----------- node 6 : 
depth = 3 
pred = 5 
var[ 3 ] = 1 
EPB = false 
activated = false 
pruned = true 
prunedType = DOMINANCE
succs = [  ]
LBS = [ [-27482.0, -10056.0] , [-27157.0, -12950.0] , ] 
λ = [ [1.0, 0.0] , [2894.0, 325.0] , ] 

UBS (node 8) = [ 
[-49923.0, -25759.0] , [-43965.0, -52907.0] , ] 
# ------------- node 8


 # ----------- node 8 : 
depth = 4 
pred = 7 
var[ 4 ] = 1 
EPB = false 
activated = true 
pruned = true 
prunedType = OPTIMALITY
succs = [  ]
LBS = [ [-36045.0, -35262.0] , ] 
λ = [ [0.0, 1.0] , ] 

UBS (node 9) = [ 
[-49923.0, -25759.0] , [-43965.0, -52907.0] , ] 
# ------------- node 7


 # ----------- node 7 : 
depth = 3 
pred = 5 
var[ 3 ] = 0 
EPB = false 
activated = false 
pruned = false 
prunedType = NONE
succs = [ 8, 9,  ]
LBS = [ [-49923.0, -25759.0] , [-43525.0, -43064.0] , ] 
λ = [ [1.0, 0.0] , [17305.0, 6398.0] , ] 

UBS (node 10) = [ 
[-49923.0, -25759.0] , [-43965.0, -52907.0] , ] 
# ------------- node 10


 # ----------- node 10 : 
depth = 5 
pred = 9 
var[ 5 ] = 1 
EPB = false 
activated = true 
pruned = true 
prunedType = OPTIMALITY
succs = [  ]
LBS = [ [-49923.0, -25759.0] , ] 
λ = [ [0.0, 1.0] , ] 

UBS (node 11) = [ 
[-49923.0, -25759.0] , [-43965.0, -52907.0] , ] 
# ------------- node 11


 # ----------- node 11 : 
depth = 5 
pred = 9 
var[ 5 ] = 0 
EPB = false 
activated = true 
pruned = true 
prunedType = OPTIMALITY
succs = [  ]
LBS = [ [-43525.0, -43064.0] , ] 
λ = [ [0.0, 1.0] , ] 

# ------------- node 9


 # ----------- node 9 : 
depth = 4 
pred = 7 
var[ 4 ] = 0 
EPB = false 
activated = false 
pruned = false 
prunedType = NONE
succs = [ 10, 11,  ]
LBS = [ [-49923.0, -25759.0] , [-43525.0, -43064.0] , ] 
λ = [ [1.0, 0.0] , [17305.0, 6398.0] , ] 

 ──────────────────────────────────────────────────────────────────────────
                                  Time                    Allocations      
                         ───────────────────────   ────────────────────────
    Tot / % measured:         20.6s /   1.9%           2.23GiB /   0.8%    

 Section         ncalls     time    %tot     avg     alloc    %tot      avg
 ──────────────────────────────────────────────────────────────────────────
 BB loop              1    385ms  100.0%   385ms   18.1MiB  100.0%  18.1MiB
   iteration          7    348ms   90.4%  49.7ms   13.6MiB   75.1%  1.94MiB
     relax           10   40.5ms   10.5%  4.05ms   1.40MiB    7.8%   144KiB
     incumbent       10    162μs    0.0%  16.2μs   48.2KiB    0.3%  4.82KiB
     dominance        7   23.6μs    0.0%  3.38μs   3.39KiB    0.0%     496B
   next node          7   25.6ms    6.6%  3.65ms   4.28MiB   23.7%   626KiB
 ──────────────────────────────────────────────────────────────────────────
 total cuts : 0
 # informations of B&B algorithm : 
total_times_used = 3.75 
total_nodes = 11 
pruned_nodes = 6 
GAP = 0.0 
relaxation_time = 3.23 
test_dominance_time = 0.0 
update_incumbent_time = 0.07 
tree_size = 0.018 
nb_nodes_EPB = 0 
nb_nodes_VB = 10 
root_relax = true 
TO = false 

Querying...
length Y_N = 2
length X_E = 2
displayGraphics
