
Project MOMH 2021" --------------------------------

method : bc_rootRelax
n=10
Building...
Solving...
UBS (node 1) = [ 
[-49923.0, -25759.0] , [-43965.0, -52907.0] , ] 
UBS (node 2) = [ 
[-49923.0, -25759.0] , [-43965.0, -52907.0] , ] 
----------------- tracing 
parent LBS = [ [-49923.0, -25759.0] , [-43965.0, -52907.0] , ] 

pureL = [ ] 
extl Solution( 
 |xEquiv| = 1	 is_binary ? true
 y = [-49923.0, -25759.0]
 λ = [1.0, 0.0]	 ct = 49923.0
 xEquiv = [[0.0, 0.0, 0.0, 0.0, 1.0, 0.0, 0.0, 1.0, 0.0, 1.0]] )

parent LBS = [ [-49923.0, -25759.0] , [-43965.0, -52907.0] , ] 

pureL = [ [-49923.0, -25759.0] , ] 
extr Solution( 
 |xEquiv| = 1	 is_binary ? true
 y = [-43965.0, -52907.0]
 λ = [0.0, 1.0]	 ct = 52907.0
 xEquiv = [[0.0, 1.0, 0.0, 0.0, 0.0, 1.0, 1.0, 1.0, 0.0, 1.0]] )

parent LBS = [ [-49923.0, -25759.0] , [-43965.0, -52907.0] , [11609.326027700015, -52907.0] , ] 

pureL = [ [-49923.0, -25759.0] , [-49923.0, -52907.0] , [-43965.0, -52907.0] , ] 
yl = [-49923.0, -25759.0] yr = [-43965.0, -52907.0]
pt Solution( 
 |xEquiv| = 1	 is_binary ? true
 y = [-43965.0, -52907.0]
 λ = [27148.0, 5958.0]	 ct = 1.508781726e9
 xEquiv = [[0.0, 1.0, 0.0, 0.0, 0.0, 1.0, 1.0, 1.0, 0.0, 1.0]] )

parent LBS = [ [-49923.0, -25759.0] , [11609.326027700015, -52907.0] , ] 
pureL = [ [-49923.0, -25759.0] , [-49923.0, -52907.0] , [-43965.0, -52907.0] , ] 

parent LBS = [ [-49923.0, -25759.0] , [11609.326027700015, -52907.0] , ] 
UBS (node 3) = [ 
[-49923.0, -25759.0] , [-43965.0, -52907.0] , ] 
# ------------- node 1


 # ----------- node 1 : 
depth = 0 
pred = 139982464374656 
var[ 0 ] = 0 
EPB = false 
activated = false 
pruned = false 
prunedType = NONE
succs = [ 2, 3,  ]
LBS = [ [-49923.0, -25759.0] , [-43965.0, -52907.0] , ] 
λ = [ [1.0, 0.0] , [27148.0, 5958.0] , ] 

# ------------- node 2


 # ----------- node 2 : 
depth = 1 
pred = 1 
var[ 1 ] = 1 
EPB = false 
activated = false 
pruned = true 
prunedType = DOMINANCE
succs = [  ]
LBS = [ [-42323.0, -35783.0] , [-41213.0, -52483.0] , ] 
λ = [ [1.0, 0.0] , [16700.0, 1110.0] , ] 

UBS (node 4) = [ 
[-49923.0, -25759.0] , [-43965.0, -52907.0] , ] 
UBS (node 5) = [ 
[-49923.0, -25759.0] , [-43965.0, -52907.0] , ] 
# ------------- node 3


 # ----------- node 3 : 
depth = 1 
pred = 1 
var[ 1 ] = 0 
EPB = false 
activated = false 
pruned = false 
prunedType = NONE
succs = [ 4, 5,  ]
LBS = [ [-49923.0, -25759.0] , [11609.326027700015, -52907.0] , ] 
λ = [ [27148.0, 5958.0] , [27148.0, 5958.0] , ] 

UBS (node 6) = [ 
[-49923.0, -25759.0] , [-43965.0, -52907.0] , ] 
UBS (node 7) = [ 
[-49923.0, -25759.0] , [-43965.0, -52907.0] , ] 
# ------------- node 4


 # ----------- node 4 : 
depth = 2 
pred = 3 
var[ 2 ] = 1 
EPB = false 
activated = false 
pruned = false 
prunedType = NONE
succs = [ 6, 7,  ]
LBS = [ [-43965.0, 200320.89577039276] , [11609.326027700015, -52907.0] , ] 
λ = [ [27148.0, 5958.0] , [27148.0, 5958.0] , ] 

UBS (node 8) = [ 
[-49923.0, -25759.0] , [-43965.0, -52907.0] , ] 
UBS (node 9) = [ 
[-49923.0, -25759.0] , [-43965.0, -52907.0] , ] 
# ------------- node 5


 # ----------- node 5 : 
depth = 2 
pred = 3 
var[ 2 ] = 0 
EPB = false 
activated = false 
pruned = false 
prunedType = NONE
succs = [ 8, 9,  ]
LBS = [ [-49923.0, 227468.89577039276] , [9449.145019890968, -43064.0] , [86823.07146862785, -395623.13985067286] , ] 
λ = [ [27148.0, 5958.0] , [27148.0, 5958.0] , [27148.0, 5958.0] , ] 

# ------------- node 6


 # ----------- node 6 : 
depth = 3 
pred = 4 
var[ 3 ] = 1 
EPB = false 
activated = false 
pruned = true 
prunedType = DOMINANCE
succs = [  ]
LBS = [ [-27922.0, 127219.96189996644] , [4365.2688595845, -19899.0] , ] 
λ = [ [27148.0, 5958.0] , [27148.0, 5958.0] , ] 

UBS (node 10) = [ 
[-49923.0, -25759.0] , [-43965.0, -52907.0] , ] 
UBS (node 11) = [ 
[-49923.0, -25759.0] , [-43965.0, -52907.0] , ] 
# ------------- node 7


 # ----------- node 7 : 
depth = 3 
pred = 4 
var[ 3 ] = 0 
EPB = false 
activated = false 
pruned = false 
prunedType = NONE
succs = [ 10, 11,  ]
LBS = [ [-43965.0, 200320.89577039276] , [11609.326027700015, -52907.0] , ] 
λ = [ [27148.0, 5958.0] , [27148.0, 5958.0] , ] 

# ------------- node 12


 # ----------- node 12 : 
depth = 4 
pred = 8 
var[ 4 ] = 1 
EPB = false 
activated = true 
pruned = true 
prunedType = INFEASIBILITY
succs = [  ]
LBS = [ ] 
λ = [ ] 

UBS (node 13) = [ 
[-49923.0, -25759.0] , [-43965.0, -52907.0] , ] 
# ------------- node 8


 # ----------- node 8 : 
depth = 3 
pred = 5 
var[ 3 ] = 1 
EPB = false 
activated = false 
pruned = false 
prunedType = NONE
succs = [ 12, 13,  ]
LBS = [ [-58592.72500888429, 266973.0405406497] , [-27482.0, 125215.07435381] , [2840.215743332842, -12950.0] , ] 
λ = [ [27148.0, 5958.0] , [27148.0, 5958.0] , [27148.0, 5958.0] , ] 

UBS (node 14) = [ 
[-49923.0, -25759.0] , [-43965.0, -52907.0] , ] 
UBS (node 15) = [ 
[-49923.0, -25759.0] , [-43965.0, -52907.0] , ] 
# ------------- node 9


 # ----------- node 9 : 
depth = 3 
pred = 5 
var[ 3 ] = 0 
EPB = false 
activated = false 
pruned = false 
prunedType = NONE
succs = [ 14, 15,  ]
LBS = [ [-49923.0, 227468.89577039276] , [9449.145019890968, -43064.0] , [86823.07146862785, -395623.13985067286] , ] 
λ = [ [27148.0, 5958.0] , [27148.0, 5958.0] , [27148.0, 5958.0] , ] 

# ------------- node 10


 # ----------- node 10 : 
depth = 4 
pred = 7 
var[ 4 ] = 1 
EPB = false 
activated = false 
pruned = true 
prunedType = DOMINANCE
succs = [  ]
LBS = [ [-36485.0, 166237.80748573347] , [9897.070391925741, -45105.0] , ] 
λ = [ [27148.0, 5958.0] , [27148.0, 5958.0] , ] 

UBS (node 16) = [ 
[-49923.0, -25759.0] , [-43965.0, -52907.0] , ] 
UBS (node 17) = [ 
[-49923.0, -25759.0] , [-43965.0, -52907.0] , ] 
# ------------- node 11


 # ----------- node 11 : 
depth = 4 
pred = 7 
var[ 4 ] = 0 
EPB = false 
activated = false 
pruned = false 
prunedType = NONE
succs = [ 16, 17,  ]
LBS = [ [-43965.0, 200320.89577039276] , [11609.326027700015, -52907.0] , ] 
λ = [ [27148.0, 5958.0] , [27148.0, 5958.0] , ] 

# ------------- node 18


 # ----------- node 18 : 
depth = 5 
pred = 13 
var[ 5 ] = 1 
EPB = false 
activated = true 
pruned = true 
prunedType = INFEASIBILITY
succs = [  ]
LBS = [ ] 
λ = [ ] 

UBS (node 19) = [ 
[-49923.0, -25759.0] , [-43965.0, -52907.0] , ] 
# ------------- node 13


 # ----------- node 13 : 
depth = 4 
pred = 8 
var[ 4 ] = 0 
EPB = false 
activated = false 
pruned = false 
prunedType = NONE
succs = [ 18, 19,  ]
LBS = [ [-58592.72500888429, 266973.0405406497] , [-27482.0, 125215.07435381] , [2840.215743332842, -12950.0] , ] 
λ = [ [27148.0, 5958.0] , [27148.0, 5958.0] , [27148.0, 5958.0] , ] 

# ------------- node 14


 # ----------- node 14 : 
depth = 4 
pred = 9 
var[ 4 ] = 1 
EPB = false 
activated = false 
pruned = true 
prunedType = DOMINANCE
succs = [  ]
LBS = [ [-36045.0, 164232.91993957703] , [7736.889384116689, -35262.0] , [7736.889384116694, -35262.0] , ] 
λ = [ [27148.0, 5958.0] , [27148.0, 5958.0] , [27148.0, 5958.0] , ] 

UBS (node 20) = [ 
[-49923.0, -25759.0] , [-43965.0, -52907.0] , ] 
UBS (node 21) = [ 
[-49923.0, -25759.0] , [-43965.0, -52907.0] , ] 
# ------------- node 15


 # ----------- node 15 : 
depth = 4 
pred = 9 
var[ 4 ] = 0 
EPB = false 
activated = false 
pruned = false 
prunedType = NONE
succs = [ 20, 21,  ]
LBS = [ [-49923.0, 227468.89577039276] , [9449.145019890968, -43064.0] , [86823.07146862785, -395623.13985067286] , ] 
λ = [ [27148.0, 5958.0] , [27148.0, 5958.0] , [27148.0, 5958.0] , ] 

UBS (node 22) = [ 
[-49923.0, -25759.0] , [-43965.0, -52907.0] , ] 
UBS (node 23) = [ 
[-49923.0, -25759.0] , [-43965.0, -52907.0] , ] 
# ------------- node 16


 # ----------- node 16 : 
depth = 5 
pred = 11 
var[ 5 ] = 1 
EPB = false 
activated = false 
pruned = false 
prunedType = NONE
succs = [ 22, 23,  ]
LBS = [ [-24213.0, 110319.67119838872] , [6427.130138500073, -29294.0] , [976277.1140775946, -4.448476169180688e6] , ] 
λ = [ [27148.0, 5958.0] , [27148.0, 5958.0] , [27148.0, 5958.0] , ] 

UBS (node 24) = [ 
[-49923.0, -25759.0] , [-43965.0, -52907.0] , ] 
UBS (node 25) = [ 
[-49923.0, -25759.0] , [-43965.0, -52907.0] , ] 
# ------------- node 17


 # ----------- node 17 : 
depth = 5 
pred = 11 
var[ 5 ] = 0 
EPB = false 
activated = false 
pruned = false 
prunedType = NONE
succs = [ 24, 25,  ]
LBS = [ [-43965.0, 200320.89577039276] , [11609.326027700015, -52907.0] , ] 
λ = [ [27148.0, 5958.0] , [27148.0, 5958.0] , ] 

# ------------- node 26


 # ----------- node 26 : 
depth = 6 
pred = 19 
var[ 6 ] = 1 
EPB = false 
activated = true 
pruned = true 
prunedType = INFEASIBILITY
succs = [  ]
LBS = [ ] 
λ = [ ] 

UBS (node 27) = [ 
[-49923.0, -25759.0] , [-43965.0, -52907.0] , ] 
# ------------- node 19


 # ----------- node 19 : 
depth = 5 
pred = 13 
var[ 5 ] = 0 
EPB = false 
activated = false 
pruned = false 
prunedType = NONE
succs = [ 26, 27,  ]
LBS = [ [-58592.72500888429, 266973.0405406497] , [-27482.0, 125215.07435381] , [2840.215743332842, -12950.0] , ] 
λ = [ [27148.0, 5958.0] , [27148.0, 5958.0] , [27148.0, 5958.0] , ] 

UBS (node 28) = [ 
[-49923.0, -25759.0] , [-43965.0, -52907.0] , ] 
UBS (node 29) = [ 
[-49923.0, -25759.0] , [-43965.0, -52907.0] , ] 
# ------------- node 20


 # ----------- node 20 : 
depth = 5 
pred = 15 
var[ 5 ] = 1 
EPB = false 
activated = false 
pruned = false 
prunedType = NONE
succs = [ 28, 29,  ]
LBS = [ [-49923.0, 227468.89577039276] , [5651.3260277000145, -25759.0] , ] 
λ = [ [27148.0, 5958.0] , [27148.0, 5958.0] , ] 

# ------------- node 21


 # ----------- node 21 : 
depth = 5 
pred = 15 
var[ 5 ] = 0 
EPB = false 
activated = false 
pruned = true 
prunedType = DOMINANCE
succs = [  ]
LBS = [ [-43525.0, 198316.0082242363] , [9449.145019890968, -43064.0] , ] 
λ = [ [27148.0, 5958.0] , [27148.0, 5958.0] , ] 

# ------------- node 22


 # ----------- node 22 : 
depth = 6 
pred = 16 
var[ 6 ] = 1 
EPB = false 
activated = false 
pruned = true 
prunedType = DOMINANCE
succs = [  ]
LBS = [ [-22663.0, 103256.99916079221] , [-22663.0, 103256.99916079157] , [6427.130138499933, -29294.0] , [6427.130138500073, -29294.0] , ] 
λ = [ [27148.0, 5958.0] , [27148.0, 5958.0] , [27148.0, 5958.0] , [27148.0, 5958.0] , ] 

# ------------- node 23


 # ----------- node 23 : 
depth = 6 
pred = 16 
var[ 6 ] = 0 
EPB = false 
activated = false 
pruned = true 
prunedType = DOMINANCE
succs = [  ]
LBS = [ [-24213.0, 110319.67119838872] , [-24213.0, 110319.67119838808] , [4922.267680860328, -22437.0] , [4922.267680860468, -22437.0] , ] 
λ = [ [27148.0, 5958.0] , [27148.0, 5958.0] , [27148.0, 5958.0] , [27148.0, 5958.0] , ] 

UBS (node 30) = [ 
[-49923.0, -25759.0] , [-43965.0, -52907.0] , ] 
UBS (node 31) = [ 
[-49923.0, -25759.0] , [-43965.0, -52907.0] , ] 
# ------------- node 24


 # ----------- node 24 : 
depth = 6 
pred = 17 
var[ 6 ] = 1 
EPB = false 
activated = false 
pruned = false 
prunedType = NONE
succs = [ 30, 31,  ]
LBS = [ [-43965.0, 200320.89577039276] , [11609.326027700015, -52907.0] , ] 
λ = [ [27148.0, 5958.0] , [27148.0, 5958.0] , ] 

# ------------- node 25


 # ----------- node 25 : 
depth = 6 
pred = 17 
var[ 6 ] = 0 
EPB = false 
activated = false 
pruned = true 
prunedType = DOMINANCE
succs = [  ]
LBS = [ [-40865.0, 186195.55169519974] , [8681.461065271844, -39566.0] , ] 
λ = [ [27148.0, 5958.0] , [27148.0, 5958.0] , ] 

UBS (node 32) = [ 
[-49923.0, -25759.0] , [-43965.0, -52907.0] , ] 
UBS (node 33) = [ 
[-49923.0, -25759.0] , [-43965.0, -52907.0] , ] 
# ------------- node 27


 # ----------- node 27 : 
depth = 6 
pred = 19 
var[ 6 ] = 0 
EPB = false 
activated = false 
pruned = false 
prunedType = NONE
succs = [ 32, 33,  ]
LBS = [ [-58592.72500888429, 266973.0405406497] , [-27482.0, 125215.07435381] , [2840.215743332842, -12950.0] , ] 
λ = [ [27148.0, 5958.0] , [27148.0, 5958.0] , [27148.0, 5958.0] , ] 

# ------------- node 28


 # ----------- node 28 : 
depth = 6 
pred = 20 
var[ 6 ] = 1 
EPB = false 
activated = false 
pruned = true 
prunedType = DOMINANCE
succs = [  ]
LBS = [ [-22223.0, 101252.11161463578] , [4266.949130691027, -19451.0] , ] 
λ = [ [27148.0, 5958.0] , [27148.0, 5958.0] , ] 

UBS (node 34) = [ 
[-49923.0, -25759.0] , [-43965.0, -52907.0] , ] 
UBS (node 35) = [ 
[-49923.0, -25759.0] , [-43965.0, -52907.0] , ] 
# ------------- node 29


 # ----------- node 29 : 
depth = 6 
pred = 20 
var[ 6 ] = 0 
EPB = false 
activated = false 
pruned = false 
prunedType = NONE
succs = [ 34, 35,  ]
LBS = [ [-49923.0, 227468.89577039276] , [5651.3260277000145, -25759.0] , ] 
λ = [ [27148.0, 5958.0] , [27148.0, 5958.0] , ] 

UBS (node 36) = [ 
[-49923.0, -25759.0] , [-43965.0, -52907.0] , ] 
UBS (node 37) = [ 
[-49923.0, -25759.0] , [-43965.0, -52907.0] , ] 
# ------------- node 30


 # ----------- node 30 : 
depth = 7 
pred = 24 
var[ 7 ] = 1 
EPB = false 
activated = false 
pruned = false 
prunedType = NONE
succs = [ 36, 37,  ]
LBS = [ [-43965.0, 200320.89577039276] , [11609.326027700015, -52907.0] , ] 
λ = [ [27148.0, 5958.0] , [27148.0, 5958.0] , ] 

# ------------- node 31


 # ----------- node 31 : 
depth = 7 
pred = 24 
var[ 7 ] = 0 
EPB = false 
activated = false 
pruned = true 
prunedType = DOMINANCE
succs = [  ]
LBS = [ [-39315.0, 179132.87965760322] , [10186.323522911449, -46423.0] , ] 
λ = [ [27148.0, 5958.0] , [27148.0, 5958.0] , ] 

# ------------- node 32


 # ----------- node 32 : 
depth = 7 
pred = 27 
var[ 7 ] = 1 
EPB = false 
activated = false 
pruned = true 
prunedType = DOMINANCE
succs = [  ]
LBS = [ [-27157.0, 123734.19150721718] , [2840.215743332842, -12950.0] , ] 
λ = [ [27148.0, 5958.0] , [27148.0, 5958.0] , ] 

# ------------- node 33


 # ----------- node 33 : 
depth = 7 
pred = 27 
var[ 7 ] = 0 
EPB = false 
activated = false 
pruned = true 
prunedType = DOMINANCE
succs = [  ]
LBS = [ [-27482.0, 125215.07435381] , [2205.087851775453, -10056.0] , ] 
λ = [ [27148.0, 5958.0] , [27148.0, 5958.0] , ] 

# ------------- node 34


 # ----------- node 34 : 
depth = 7 
pred = 29 
var[ 7 ] = 1 
EPB = false 
activated = false 
pruned = true 
prunedType = DOMINANCE
succs = [  ]
LBS = [ [-23773.0, 108314.78365223229] , [2762.0866730514217, -12594.0] , ] 
λ = [ [27148.0, 5958.0] , [27148.0, 5958.0] , ] 

UBS (node 38) = [ 
[-49923.0, -25759.0] , [-43965.0, -52907.0] , ] 
UBS (node 39) = [ 
[-49923.0, -25759.0] , [-43965.0, -52907.0] , ] 
# ------------- node 35


 # ----------- node 35 : 
depth = 7 
pred = 29 
var[ 7 ] = 0 
EPB = false 
activated = false 
pruned = false 
prunedType = NONE
succs = [ 38, 39,  ]
LBS = [ [-49923.0, 227468.89577039276] , [5651.3260277000145, -25759.0] , ] 
λ = [ [27148.0, 5958.0] , [27148.0, 5958.0] , ] 

# ------------- node 40


 # ----------- node 40 : 
depth = 9 
pred = 36 
var[ 9 ] = 1 
EPB = false 
activated = true 
pruned = true 
prunedType = INFEASIBILITY
succs = [  ]
LBS = [ ] 
λ = [ ] 

UBS (node 41) = [ 
[-49923.0, -25759.0] , [-43965.0, -52907.0] , ] 
# ------------- node 36


 # ----------- node 36 : 
depth = 8 
pred = 30 
var[ 8 ] = 1 
EPB = false 
activated = false 
pruned = false 
prunedType = NONE
succs = [ 40, 41,  ]
LBS = [ [-43965.0, 200320.89577039276] , [11609.326027700015, -52907.0] , ] 
λ = [ [27148.0, 5958.0] , [27148.0, 5958.0] , ] 

# ------------- node 37


 # ----------- node 37 : 
depth = 8 
pred = 30 
var[ 8 ] = 0 
EPB = false 
activated = false 
pruned = true 
prunedType = DOMINANCE
succs = [  ]
LBS = [ [-13165.0, 59978.767539442764] , [7297.084168262855, -33258.0] , ] 
λ = [ [27148.0, 5958.0] , [27148.0, 5958.0] , ] 

# ------------- node 42


 # ----------- node 42 : 
depth = 9 
pred = 38 
var[ 9 ] = 1 
EPB = false 
activated = true 
pruned = true 
prunedType = INFEASIBILITY
succs = [  ]
LBS = [ ] 
λ = [ ] 

UBS (node 43) = [ 
[-49923.0, -25759.0] , [-43965.0, -52907.0] , ] 
# ------------- node 38


 # ----------- node 38 : 
depth = 8 
pred = 35 
var[ 8 ] = 1 
EPB = false 
activated = false 
pruned = false 
prunedType = NONE
succs = [ 42, 43,  ]
LBS = [ [-49923.0, 227468.89577039276] , [5651.3260277000145, -25759.0] , ] 
λ = [ [27148.0, 5958.0] , [27148.0, 5958.0] , ] 

# ------------- node 39


 # ----------- node 39 : 
depth = 8 
pred = 35 
var[ 8 ] = 0 
EPB = false 
activated = false 
pruned = true 
prunedType = DOMINANCE
succs = [  ]
LBS = [ [-19123.0, 87126.76753944276] , [1339.0841682628554, -6110.0] , ] 
λ = [ [27148.0, 5958.0] , [27148.0, 5958.0] , ] 

UBS (node 44) = [ 
[-49923.0, -25759.0] , [-43965.0, -52907.0] , ] 
UBS (node 45) = [ 
[-49923.0, -25759.0] , [-43965.0, -52907.0] , ] 
# ------------- node 41


 # ----------- node 41 : 
depth = 9 
pred = 36 
var[ 9 ] = 0 
EPB = false 
activated = false 
pruned = false 
prunedType = NONE
succs = [ 44, 45,  ]
LBS = [ [-43965.0, 200320.89577039276] , [11609.326027700015, -52907.0] , ] 
λ = [ [27148.0, 5958.0] , [27148.0, 5958.0] , ] 

UBS (node 46) = [ 
[-49923.0, -25759.0] , [-43965.0, -52907.0] , ] 
UBS (node 47) = [ 
[-49923.0, -25759.0] , [-43965.0, -52907.0] , ] 
# ------------- node 43


 # ----------- node 43 : 
depth = 9 
pred = 38 
var[ 9 ] = 0 
EPB = false 
activated = false 
pruned = false 
prunedType = NONE
succs = [ 46, 47,  ]
LBS = [ [-49923.0, 227468.89577039276] , [5651.3260277000145, -25759.0] , ] 
λ = [ [27148.0, 5958.0] , [27148.0, 5958.0] , ] 

# ------------- node 45


 # ----------- node 45 : 
depth = 10 
pred = 41 
var[ 10 ] = 0 
EPB = false 
activated = false 
pruned = true 
prunedType = DOMINANCE
succs = [  ]
LBS = [ [-38990.0, 177651.9968110104] , [10821.451414468838, -49317.0] , ] 
λ = [ [27148.0, 5958.0] , [27148.0, 5958.0] , ] 

# ------------- node 47


 # ----------- node 47 : 
depth = 10 
pred = 43 
var[ 10 ] = 0 
EPB = false 
activated = false 
pruned = true 
prunedType = DOMINANCE
succs = [  ]
LBS = [ [-44948.0, 204799.9968110104] , [4863.451414468837, -22169.0] , ] 
λ = [ [27148.0, 5958.0] , [27148.0, 5958.0] , ] 

 ──────────────────────────────────────────────────────────────────────────
                                  Time                    Allocations      
                         ───────────────────────   ────────────────────────
    Tot / % measured:         20.3s /   3.5%           2.24GiB /   1.4%    

 Section         ncalls     time    %tot     avg     alloc    %tot      avg
 ──────────────────────────────────────────────────────────────────────────
 BB loop              1    714ms  100.0%   714ms   33.2MiB  100.0%  33.2MiB
   iteration         42    678ms   94.9%  16.1ms   28.6MiB   86.4%   699KiB
     relax           46    339ms   47.5%  7.37ms   11.7MiB   35.4%   261KiB
     incumbent       41    348μs    0.0%  8.49μs    109KiB    0.3%  2.66KiB
     dominance       42   55.2μs    0.0%  1.31μs   21.0KiB    0.1%     513B
   next node         42   25.1ms    3.5%   597μs   4.28MiB   12.9%   104KiB
 ──────────────────────────────────────────────────────────────────────────
 total cuts : 0
 # informations of B&B algorithm : 
total_times_used = 3.84 
total_nodes = 47 
pruned_nodes = 22 
GAP = 0.0 
relaxation_time = 3.28 
test_dominance_time = 0.0 
update_incumbent_time = 0.07 
tree_size = 0.077 
nb_nodes_EPB = 0 
nb_nodes_VB = 46 
root_relax = true 
TO = false 

Querying...
length Y_N = 2
length X_E = 2
displayGraphics
